<?xml version='1.0'?>
<ns2:test-suite xmlns:ns2='urn:model.allure.qatools.yandex.ru' start='1679330957443' stop='1679330961187'>
    <name>IF Web_Admin_Panel- BlogCategories_Page : </name>
    <title>IF Web_Admin_Panel- BlogCategories_Page : </title>
    <test-cases>
        <test-case start='1679330957443' status='broken' stop='1679330960344'>
            <name>verify BlogCategories_Page Title</name>
            <title>verify BlogCategories_Page Title</title>
            <labels>
                <label name='language' value='javascript'/>
                <label name='framework' value='wdio'/>
                <label name='thread' value='0-0'/>
            </labels>
            <parameters>
                <parameter kind='argument' name='browser' value='chrome-111.0.5563.64'/>
            </parameters>
            <steps>
                <step start='1679330957444' status='passed' stop='1679330957461'>
                    <name>POST /session/:sessionId/element</name>
                    <title>POST /session/:sessionId/element</title>
                    <attachments>
                        <attachment title='Request' source='d5e62740-95fa-425f-9605-81f760e1009c-attachment.json' type='application/json' size='82'/>
                        <attachment title='Response' source='3cffc513-5ad6-417c-b8b4-6bf94c201b39-attachment.json' type='application/json' size='797'/>
                    </attachments>
                    <steps/>
                </step>
                <step start='1679330957463' status='passed' stop='1679330957474'>
                    <name>POST /session/:sessionId/element</name>
                    <title>POST /session/:sessionId/element</title>
                    <attachments>
                        <attachment title='Request' source='c2167bb0-f780-4d0c-ab6c-435ceac87722-attachment.json' type='application/json' size='82'/>
                        <attachment title='Response' source='f060e977-c356-4745-9e1d-b6d27c06f2ce-attachment.json' type='application/json' size='797'/>
                    </attachments>
                    <steps/>
                </step>
                <step start='1679330957964' status='passed' stop='1679330957972'>
                    <name>POST /session/:sessionId/element</name>
                    <title>POST /session/:sessionId/element</title>
                    <attachments>
                        <attachment title='Request' source='8a27cbc1-92cc-45bb-b589-073034ecae46-attachment.json' type='application/json' size='82'/>
                        <attachment title='Response' source='bcff0345-e6f2-496c-b473-80d55d70d182-attachment.json' type='application/json' size='797'/>
                    </attachments>
                    <steps/>
                </step>
                <step start='1679330958464' status='passed' stop='1679330958471'>
                    <name>POST /session/:sessionId/element</name>
                    <title>POST /session/:sessionId/element</title>
                    <attachments>
                        <attachment title='Request' source='6c1c910d-a659-48c1-842c-5f2d9b6b8906-attachment.json' type='application/json' size='82'/>
                        <attachment title='Response' source='93cb29c3-4f40-48ed-a472-017646b84db6-attachment.json' type='application/json' size='797'/>
                    </attachments>
                    <steps/>
                </step>
                <step start='1679330958963' status='passed' stop='1679330958968'>
                    <name>POST /session/:sessionId/element</name>
                    <title>POST /session/:sessionId/element</title>
                    <attachments>
                        <attachment title='Request' source='6a30a796-d2d6-4321-8a19-b6ab3035f99a-attachment.json' type='application/json' size='82'/>
                        <attachment title='Response' source='dc86a458-f2f7-4eca-9eea-a551fe4b1c57-attachment.json' type='application/json' size='83'/>
                    </attachments>
                    <steps/>
                </step>
                <step start='1679330958969' status='passed' stop='1679330958975'>
                    <name>POST /session/:sessionId/execute/sync</name>
                    <title>POST /session/:sessionId/execute/sync</title>
                    <attachments>
                        <attachment title='Request' source='07a070d0-a4e8-48d6-a091-ddb587c8172d-attachment.json' type='application/json' size='8384'/>
                        <attachment title='Response' source='1402a391-85ce-4741-bd93-17744cdd1f6f-attachment.json' type='application/json' size='4'/>
                    </attachments>
                    <steps/>
                </step>
                <step start='1679330958975' status='passed' stop='1679330959009'>
                    <name>POST /session/:sessionId/element/51dc3161-bafb-4a60-8fbc-deaed8a39d52/click</name>
                    <title>POST /session/:sessionId/element/51dc3161-bafb-4a60-8fbc-deaed8a39d52/click</title>
                    <attachments/>
                    <steps/>
                </step>
                <step start='1679330959010' status='passed' stop='1679330959021'>
                    <name>POST /session/:sessionId/element</name>
                    <title>POST /session/:sessionId/element</title>
                    <attachments>
                        <attachment title='Request' source='bc7d9bb1-d097-404d-9341-b0cc92b6c36b-attachment.json' type='application/json' size='68'/>
                        <attachment title='Response' source='958f6193-e576-4d79-b292-1e8d2260203c-attachment.json' type='application/json' size='83'/>
                    </attachments>
                    <steps/>
                </step>
                <step start='1679330959022' status='passed' stop='1679330959028'>
                    <name>POST /session/:sessionId/execute/sync</name>
                    <title>POST /session/:sessionId/execute/sync</title>
                    <attachments>
                        <attachment title='Request' source='b1e53164-e737-44e4-891e-204b1f1019a3-attachment.json' type='application/json' size='8384'/>
                    </attachments>
                    <steps/>
                </step>
                <step start='1679330959522' status='passed' stop='1679330959527'>
                    <name>POST /session/:sessionId/execute/sync</name>
                    <title>POST /session/:sessionId/execute/sync</title>
                    <attachments>
                        <attachment title='Request' source='d9b3a4d9-afa9-4912-8afd-04655640a3bf-attachment.json' type='application/json' size='8384'/>
                        <attachment title='Response' source='358388ec-6ecb-4528-95b4-579f8e9995bc-attachment.json' type='application/json' size='4'/>
                    </attachments>
                    <steps/>
                </step>
                <step start='1679330959527' status='passed' stop='1679330959571'>
                    <name>POST /session/:sessionId/element/c7f02420-b62f-4b0e-962e-4efc136663cf/click</name>
                    <title>POST /session/:sessionId/element/c7f02420-b62f-4b0e-962e-4efc136663cf/click</title>
                    <attachments/>
                    <steps/>
                </step>
                <step start='1679330959571' status='passed' stop='1679330959584'>
                    <name>POST /session/:sessionId/element</name>
                    <title>POST /session/:sessionId/element</title>
                    <attachments>
                        <attachment title='Request' source='be72b8ca-2d48-473f-8124-95b5b58a26dd-attachment.json' type='application/json' size='71'/>
                        <attachment title='Response' source='30e2ba9a-f071-4d2e-8a5e-49b9901c36d8-attachment.json' type='application/json' size='83'/>
                    </attachments>
                    <steps/>
                </step>
                <step start='1679330959585' status='passed' stop='1679330959591'>
                    <name>POST /session/:sessionId/execute/sync</name>
                    <title>POST /session/:sessionId/execute/sync</title>
                    <attachments>
                        <attachment title='Request' source='1ee03625-47e3-4b29-81cf-7694cf983867-attachment.json' type='application/json' size='8384'/>
                    </attachments>
                    <steps/>
                </step>
                <step start='1679330960085' status='passed' stop='1679330960090'>
                    <name>POST /session/:sessionId/execute/sync</name>
                    <title>POST /session/:sessionId/execute/sync</title>
                    <attachments>
                        <attachment title='Request' source='650f5e60-9bf4-42d0-9749-dc516d9f03a8-attachment.json' type='application/json' size='8384'/>
                        <attachment title='Response' source='14509f26-3c3b-4366-81ff-7ad662e6d59b-attachment.json' type='application/json' size='4'/>
                    </attachments>
                    <steps/>
                </step>
                <step start='1679330960090' status='passed' stop='1679330960171'>
                    <name>POST /session/:sessionId/element/24aebf65-1fd1-44ef-b539-b55b6d446b9d/click</name>
                    <title>POST /session/:sessionId/element/24aebf65-1fd1-44ef-b539-b55b6d446b9d/click</title>
                    <attachments/>
                    <steps/>
                </step>
                <step start='1679330960173' status='passed' stop='1679330960343'>
                    <name>GET /session/:sessionId/screenshot</name>
                    <title>GET /session/:sessionId/screenshot</title>
                    <attachments>
                        <attachment title='Screenshot' source='2f6bcce3-9f0a-4a67-8c6f-2797c306d2c0-attachment.png' type='image/png' size='59286'/>
                    </attachments>
                    <steps/>
                </step>
            </steps>
            <attachments/>
            <failure>
                <message>browser.waitForDisplayed is not a function</message>
                <stack-trace>TypeError: browser.waitForDisplayed is not a function
                    at BlogCategoriesPage.getBlogCategoryPageTitle (/home/fahad.miraj/Desktop/WebDriverIO_FrameWork/test/pageobjects/blog.categories.js:42:19)
                    at Context.&lt;anonymous> (/home/fahad.miraj/Desktop/WebDriverIO_FrameWork/test/specs/blog.categories.spec.js:15:44)
                    at processTicksAndRejections (node:internal/process/task_queues:95:5)</stack-trace>
            </failure>
        </test-case>
        <test-case start='1679330960344' status='passed' stop='1679330960385'>
            <name>verify that there should be NO_Data Table if there is no category created or added</name>
            <title>verify that there should be NO_Data Table if there is no category created or added</title>
            <labels>
                <label name='language' value='javascript'/>
                <label name='framework' value='wdio'/>
                <label name='thread' value='0-0'/>
            </labels>
            <parameters>
                <parameter kind='argument' name='browser' value='chrome-111.0.5563.64'/>
            </parameters>
            <steps>
                <step start='1679330960346' status='passed' stop='1679330960356'>
                    <name>POST /session/:sessionId/element</name>
                    <title>POST /session/:sessionId/element</title>
                    <attachments>
                        <attachment title='Request' source='40d089c5-2441-4633-9f76-9c8492b0c7ab-attachment.json' type='application/json' size='70'/>
                        <attachment title='Response' source='a24bb1b2-54f9-4e5a-b4e7-67ee865612a8-attachment.json' type='application/json' size='83'/>
                    </attachments>
                    <steps/>
                </step>
                <step start='1679330960357' status='passed' stop='1679330960362'>
                    <name>POST /session/:sessionId/execute/sync</name>
                    <title>POST /session/:sessionId/execute/sync</title>
                    <attachments>
                        <attachment title='Request' source='974c9835-522d-43d7-a453-b8f16b7da5a0-attachment.json' type='application/json' size='8384'/>
                        <attachment title='Response' source='37b7c0c4-d722-4182-a827-b45da2e0564f-attachment.json' type='application/json' size='4'/>
                    </attachments>
                    <steps/>
                </step>
                <step start='1679330960364' status='passed' stop='1679330960371'>
                    <name>POST /session/:sessionId/element</name>
                    <title>POST /session/:sessionId/element</title>
                    <attachments>
                        <attachment title='Request' source='4fd03f4e-80d6-44e2-b3a5-eb6491f8a9c6-attachment.json' type='application/json' size='70'/>
                        <attachment title='Response' source='8d3dbee0-f0c8-47d7-bf11-14fd441f4124-attachment.json' type='application/json' size='83'/>
                    </attachments>
                    <steps/>
                </step>
                <step start='1679330960372' status='passed' stop='1679330960382'>
                    <name>POST /session/:sessionId/elements</name>
                    <title>POST /session/:sessionId/elements</title>
                    <attachments>
                        <attachment title='Request' source='c53392a3-8e4f-44a2-ab84-c7b9e1b0445d-attachment.json' type='application/json' size='70'/>
                        <attachment title='Response' source='63d71996-885a-40c0-8afb-7eb9722d0586-attachment.json' type='application/json' size='93'/>
                    </attachments>
                    <steps/>
                </step>
            </steps>
            <attachments/>
        </test-case>
        <test-case start='1679330960385' status='broken' stop='1679330960529'>
            <name>verify that ViewAll button should be clickable</name>
            <title>verify that ViewAll button should be clickable</title>
            <labels>
                <label name='language' value='javascript'/>
                <label name='framework' value='wdio'/>
                <label name='thread' value='0-0'/>
            </labels>
            <parameters>
                <parameter kind='argument' name='browser' value='chrome-111.0.5563.64'/>
            </parameters>
            <steps>
                <step start='1679330960385' status='passed' stop='1679330960529'>
                    <name>GET /session/:sessionId/screenshot</name>
                    <title>GET /session/:sessionId/screenshot</title>
                    <attachments>
                        <attachment title='Screenshot' source='5515d791-6545-4e53-874f-69b090f8849f-attachment.png' type='image/png' size='58671'/>
                    </attachments>
                    <steps/>
                </step>
            </steps>
            <attachments/>
            <failure>
                <message>browser.waitForDisplayed is not a function</message>
                <stack-trace>TypeError: browser.waitForDisplayed is not a function
                    at BlogCategoriesPage.TapsViewAll (/home/fahad.miraj/Desktop/WebDriverIO_FrameWork/test/pageobjects/blog.categories.js:63:19)
                    at Context.&lt;anonymous> (/home/fahad.miraj/Desktop/WebDriverIO_FrameWork/test/specs/blog.categories.spec.js:25:30)</stack-trace>
            </failure>
        </test-case>
        <test-case start='1679330960529' status='broken' stop='1679330960739'>
            <name>verify Add Blog Category Pop_up</name>
            <title>verify Add Blog Category Pop_up</title>
            <labels>
                <label name='language' value='javascript'/>
                <label name='framework' value='wdio'/>
                <label name='thread' value='0-0'/>
            </labels>
            <parameters>
                <parameter kind='argument' name='browser' value='chrome-111.0.5563.64'/>
            </parameters>
            <steps>
                <step start='1679330960530' status='passed' stop='1679330960739'>
                    <name>GET /session/:sessionId/screenshot</name>
                    <title>GET /session/:sessionId/screenshot</title>
                    <attachments>
                        <attachment title='Screenshot' source='70365aaf-daf8-4a50-b0c0-7511af4d5827-attachment.png' type='image/png' size='57613'/>
                    </attachments>
                    <steps/>
                </step>
            </steps>
            <attachments/>
            <failure>
                <message>browser.waitForDisplayed is not a function</message>
                <stack-trace>TypeError: browser.waitForDisplayed is not a function
                    at BlogCategoriesPage.doAddBlogCategory (/home/fahad.miraj/Desktop/WebDriverIO_FrameWork/test/pageobjects/blog.categories.js:46:19)
                    at Context.&lt;anonymous> (/home/fahad.miraj/Desktop/WebDriverIO_FrameWork/test/specs/blog.categories.spec.js:30:30)</stack-trace>
            </failure>
        </test-case>
        <test-case start='1679330960740' status='broken' stop='1679330960900'>
            <name>verify that when a user give the Category Title then title field should not be empty </name>
            <title>verify that when a user give the Category Title then title field should not be empty </title>
            <labels>
                <label name='language' value='javascript'/>
                <label name='framework' value='wdio'/>
                <label name='thread' value='0-0'/>
            </labels>
            <parameters>
                <parameter kind='argument' name='browser' value='chrome-111.0.5563.64'/>
            </parameters>
            <steps>
                <step start='1679330960740' status='passed' stop='1679330960899'>
                    <name>GET /session/:sessionId/screenshot</name>
                    <title>GET /session/:sessionId/screenshot</title>
                    <attachments>
                        <attachment title='Screenshot' source='9992b366-b455-4cbd-b38a-acf735dd9756-attachment.png' type='image/png' size='108600'/>
                    </attachments>
                    <steps/>
                </step>
            </steps>
            <attachments/>
            <failure>
                <message>browser.waitForDisplayed is not a function</message>
                <stack-trace>TypeError: browser.waitForDisplayed is not a function
                    at BlogCategoriesPage.doSetBlogCategoryTitle (/home/fahad.miraj/Desktop/WebDriverIO_FrameWork/test/pageobjects/blog.categories.js:67:19)
                    at Context.&lt;anonymous> (/home/fahad.miraj/Desktop/WebDriverIO_FrameWork/test/specs/blog.categories.spec.js:40:30)</stack-trace>
            </failure>
        </test-case>
        <test-case start='1679330960900' status='broken' stop='1679330961056'>
            <name>verify that on clicking cancel button, it should close the category popup </name>
            <title>verify that on clicking cancel button, it should close the category popup </title>
            <labels>
                <label name='language' value='javascript'/>
                <label name='framework' value='wdio'/>
                <label name='thread' value='0-0'/>
            </labels>
            <parameters>
                <parameter kind='argument' name='browser' value='chrome-111.0.5563.64'/>
            </parameters>
            <steps>
                <step start='1679330960900' status='passed' stop='1679330961056'>
                    <name>GET /session/:sessionId/screenshot</name>
                    <title>GET /session/:sessionId/screenshot</title>
                    <attachments>
                        <attachment title='Screenshot' source='6cfda8da-abab-47af-b6a1-ee9a586f538e-attachment.png' type='image/png' size='111106'/>
                    </attachments>
                    <steps/>
                </step>
            </steps>
            <attachments/>
            <failure>
                <message>browser.waitForDisplayed is not a function</message>
                <stack-trace>TypeError: browser.waitForDisplayed is not a function
                    at BlogCategoriesPage.doClickCancelAddCategoryPopup (/home/fahad.miraj/Desktop/WebDriverIO_FrameWork/test/pageobjects/blog.categories.js:72:19)
                    at Context.&lt;anonymous> (/home/fahad.miraj/Desktop/WebDriverIO_FrameWork/test/specs/blog.categories.spec.js:45:30)</stack-trace>
            </failure>
        </test-case>
        <test-case start='1679330961057' status='broken' stop='1679330961186'>
            <name>verify that on clicking close button, it should also close the category popup </name>
            <title>verify that on clicking close button, it should also close the category popup </title>
            <labels>
                <label name='language' value='javascript'/>
                <label name='framework' value='wdio'/>
                <label name='thread' value='0-0'/>
            </labels>
            <parameters>
                <parameter kind='argument' name='browser' value='chrome-111.0.5563.64'/>
            </parameters>
            <steps>
                <step start='1679330961057' status='passed' stop='1679330961186'>
                    <name>GET /session/:sessionId/screenshot</name>
                    <title>GET /session/:sessionId/screenshot</title>
                    <attachments>
                        <attachment title='Screenshot' source='149b9671-b1ad-4325-be02-33bd5ddd961e-attachment.png' type='image/png' size='112137'/>
                    </attachments>
                    <steps/>
                </step>
            </steps>
            <attachments/>
            <failure>
                <message>browser.waitForDisplayed is not a function</message>
                <stack-trace>TypeError: browser.waitForDisplayed is not a function
                    at BlogCategoriesPage.doClickCloseAddCategoryPopup (/home/fahad.miraj/Desktop/WebDriverIO_FrameWork/test/pageobjects/blog.categories.js:77:19)
                    at Context.&lt;anonymous> (/home/fahad.miraj/Desktop/WebDriverIO_FrameWork/test/specs/blog.categories.spec.js:50:30)</stack-trace>
            </failure>
        </test-case>
    </test-cases>
</ns2:test-suite>