<?xml version='1.0'?>
<ns2:test-suite xmlns:ns2='urn:model.allure.qatools.yandex.ru' start='1680644962914' stop='1680644967122'>
    <name>IF Web_Admin_Panel- SEO-Editor_Page : </name>
    <title>IF Web_Admin_Panel- SEO-Editor_Page : </title>
    <test-cases>
        <test-case start='1680644962914' status='broken' stop='1680644966947'>
            <name>verify SEO-Editor_Page Title</name>
            <title>verify SEO-Editor_Page Title</title>
            <labels>
                <label name='language' value='javascript'/>
                <label name='framework' value='wdio'/>
                <label name='thread' value='0-0'/>
            </labels>
            <parameters>
                <parameter kind='argument' name='browser' value='chrome-111.0.5563.64'/>
            </parameters>
            <steps>
                <step start='1680644966920' status='broken' stop='1680644966946'>
                    <name>POST /session/:sessionId/element</name>
                    <title>POST /session/:sessionId/element</title>
                    <attachments>
                        <attachment title='Request' source='c9ae0639-ab34-4d91-aaa2-87cb8471c67f-attachment.json' type='application/json' size='82'/>
                    </attachments>
                    <steps>
                        <step start='1680644966935' status='broken' stop='1680644966946'>
                            <name>GET /session/:sessionId/screenshot</name>
                            <title>GET /session/:sessionId/screenshot</title>
                            <attachments/>
                            <steps/>
                        </step>
                    </steps>
                </step>
            </steps>
            <attachments/>
            <failure>
                <message>no such window: target window already closed
                from unknown error: web view not found
                  (Session info: chrome=111.0.5563.64)</message>
                <stack-trace>no such window: no such window: target window already closed
                from unknown error: web view not found
                  (Session info: chrome=111.0.5563.64)
                    at processTicksAndRejections (node:internal/process/task_queues:95:5)
                    at HomePage.doClick (/home/fahad.miraj/Desktop/WebDriverIO_FrameWork/test/basepage/page.js:11:5)
                    at HomePage.Click_IF (/home/fahad.miraj/Desktop/WebDriverIO_FrameWork/test/pageobjects/home.js:94:16)
                    at seoEditor.navigateToSeoPage (/home/fahad.miraj/Desktop/WebDriverIO_FrameWork/test/pageobjects/seo.editor.js:75:9)
                    at Context.&lt;anonymous> (/home/fahad.miraj/Desktop/WebDriverIO_FrameWork/test/specs/seo.editor.spec.js:16:9)</stack-trace>
            </failure>
        </test-case>
        <test-case start='1680644966947' status='broken' stop='1680644966966'>
            <name>verify SEO-Editor_Page Header Title</name>
            <title>verify SEO-Editor_Page Header Title</title>
            <labels>
                <label name='language' value='javascript'/>
                <label name='framework' value='wdio'/>
                <label name='thread' value='0-0'/>
            </labels>
            <parameters>
                <parameter kind='argument' name='browser' value='chrome-111.0.5563.64'/>
            </parameters>
            <steps>
                <step start='1680644966948' status='broken' stop='1680644966966'>
                    <name>POST /session/:sessionId/element</name>
                    <title>POST /session/:sessionId/element</title>
                    <attachments>
                        <attachment title='Request' source='2b47f81b-6397-4a1b-a43e-3557bd02afd4-attachment.json' type='application/json' size='72'/>
                    </attachments>
                    <steps>
                        <step start='1680644966958' status='broken' stop='1680644966966'>
                            <name>GET /session/:sessionId/screenshot</name>
                            <title>GET /session/:sessionId/screenshot</title>
                            <attachments/>
                            <steps/>
                        </step>
                    </steps>
                </step>
            </steps>
            <attachments/>
            <failure>
                <message>no such window: target window already closed
                from unknown error: web view not found
                  (Session info: chrome=111.0.5563.64)</message>
                <stack-trace>no such window: no such window: target window already closed
                from unknown error: web view not found
                  (Session info: chrome=111.0.5563.64)
                    at processTicksAndRejections (node:internal/process/task_queues:95:5)</stack-trace>
            </failure>
        </test-case>
        <test-case start='1680644966966' status='broken' stop='1680644966986'>
            <name>verify SEO-Editor_Page should have Save button that should be clickable as well </name>
            <title>verify SEO-Editor_Page should have Save button that should be clickable as well </title>
            <labels>
                <label name='language' value='javascript'/>
                <label name='framework' value='wdio'/>
                <label name='thread' value='0-0'/>
            </labels>
            <parameters>
                <parameter kind='argument' name='browser' value='chrome-111.0.5563.64'/>
            </parameters>
            <steps>
                <step start='1680644966967' status='broken' stop='1680644966986'>
                    <name>POST /session/:sessionId/element</name>
                    <title>POST /session/:sessionId/element</title>
                    <attachments>
                        <attachment title='Request' source='62dab64b-713b-4fd8-bbac-d99c96d76543-attachment.json' type='application/json' size='68'/>
                    </attachments>
                    <steps>
                        <step start='1680644966979' status='broken' stop='1680644966986'>
                            <name>GET /session/:sessionId/screenshot</name>
                            <title>GET /session/:sessionId/screenshot</title>
                            <attachments/>
                            <steps/>
                        </step>
                    </steps>
                </step>
            </steps>
            <attachments/>
            <failure>
                <message>no such window: target window already closed
                from unknown error: web view not found
                  (Session info: chrome=111.0.5563.64)</message>
                <stack-trace>no such window: no such window: target window already closed
                from unknown error: web view not found
                  (Session info: chrome=111.0.5563.64)
                    at processTicksAndRejections (node:internal/process/task_queues:95:5)
                    at Object.executeCommandBe (file:///home/fahad.miraj/Desktop/WebDriverIO_FrameWork/node_modules/expect-webdriverio/lib/utils.js:41:16)
                    at Context.&lt;anonymous> (/home/fahad.miraj/Desktop/WebDriverIO_FrameWork/test/specs/seo.editor.spec.js:27:9)</stack-trace>
            </failure>
        </test-case>
        <test-case start='1680644966986' status='broken' stop='1680644967006'>
            <name>verify SEO-Editor_Page should not be created when there is no Page selected </name>
            <title>verify SEO-Editor_Page should not be created when there is no Page selected </title>
            <labels>
                <label name='language' value='javascript'/>
                <label name='framework' value='wdio'/>
                <label name='thread' value='0-0'/>
            </labels>
            <parameters>
                <parameter kind='argument' name='browser' value='chrome-111.0.5563.64'/>
            </parameters>
            <steps>
                <step start='1680644966987' status='broken' stop='1680644967006'>
                    <name>POST /session/:sessionId/refresh</name>
                    <title>POST /session/:sessionId/refresh</title>
                    <attachments/>
                    <steps>
                        <step start='1680644966996' status='broken' stop='1680644967006'>
                            <name>GET /session/:sessionId/screenshot</name>
                            <title>GET /session/:sessionId/screenshot</title>
                            <attachments/>
                            <steps/>
                        </step>
                    </steps>
                </step>
            </steps>
            <attachments/>
            <failure>
                <message>no such window: target window already closed
                from unknown error: web view not found
                  (Session info: chrome=111.0.5563.64)</message>
                <stack-trace>no such window: no such window: target window already closed
                from unknown error: web view not found
                  (Session info: chrome=111.0.5563.64)
                    at processTicksAndRejections (node:internal/process/task_queues:95:5)
                    at seoEditor.doRefresh (/home/fahad.miraj/Desktop/WebDriverIO_FrameWork/test/basepage/page.js:73:9)
                    at seoEditor.doCreateSeoPageWithoutPage (/home/fahad.miraj/Desktop/WebDriverIO_FrameWork/test/pageobjects/seo.editor.js:89:9)
                    at Context.&lt;anonymous> (/home/fahad.miraj/Desktop/WebDriverIO_FrameWork/test/specs/seo.editor.spec.js:31:9)</stack-trace>
            </failure>
        </test-case>
        <test-case start='1680644967009' status='broken' stop='1680644967025'>
            <name>verify SEO-Editor_Page should not be created when there is no Language selected </name>
            <title>verify SEO-Editor_Page should not be created when there is no Language selected </title>
            <labels>
                <label name='language' value='javascript'/>
                <label name='framework' value='wdio'/>
                <label name='thread' value='0-0'/>
            </labels>
            <parameters>
                <parameter kind='argument' name='browser' value='chrome-111.0.5563.64'/>
            </parameters>
            <steps>
                <step start='1680644967009' status='broken' stop='1680644967025'>
                    <name>POST /session/:sessionId/refresh</name>
                    <title>POST /session/:sessionId/refresh</title>
                    <attachments/>
                    <steps>
                        <step start='1680644967017' status='broken' stop='1680644967025'>
                            <name>GET /session/:sessionId/screenshot</name>
                            <title>GET /session/:sessionId/screenshot</title>
                            <attachments/>
                            <steps/>
                        </step>
                    </steps>
                </step>
            </steps>
            <attachments/>
            <failure>
                <message>no such window: target window already closed
                from unknown error: web view not found
                  (Session info: chrome=111.0.5563.64)</message>
                <stack-trace>no such window: no such window: target window already closed
                from unknown error: web view not found
                  (Session info: chrome=111.0.5563.64)
                    at processTicksAndRejections (node:internal/process/task_queues:95:5)
                    at seoEditor.doRefresh (/home/fahad.miraj/Desktop/WebDriverIO_FrameWork/test/basepage/page.js:73:9)
                    at seoEditor.doCreateSeoPageWithoutLanguage (/home/fahad.miraj/Desktop/WebDriverIO_FrameWork/test/pageobjects/seo.editor.js:108:9)
                    at Context.&lt;anonymous> (/home/fahad.miraj/Desktop/WebDriverIO_FrameWork/test/specs/seo.editor.spec.js:36:9)</stack-trace>
            </failure>
        </test-case>
        <test-case start='1680644967026' status='broken' stop='1680644967041'>
            <name>verify SEO-Editor_Page should not be created when there is no Title entered </name>
            <title>verify SEO-Editor_Page should not be created when there is no Title entered </title>
            <labels>
                <label name='language' value='javascript'/>
                <label name='framework' value='wdio'/>
                <label name='thread' value='0-0'/>
            </labels>
            <parameters>
                <parameter kind='argument' name='browser' value='chrome-111.0.5563.64'/>
            </parameters>
            <steps>
                <step start='1680644967026' status='broken' stop='1680644967041'>
                    <name>POST /session/:sessionId/refresh</name>
                    <title>POST /session/:sessionId/refresh</title>
                    <attachments/>
                    <steps>
                        <step start='1680644967034' status='broken' stop='1680644967041'>
                            <name>GET /session/:sessionId/screenshot</name>
                            <title>GET /session/:sessionId/screenshot</title>
                            <attachments/>
                            <steps/>
                        </step>
                    </steps>
                </step>
            </steps>
            <attachments/>
            <failure>
                <message>no such window: target window already closed
                from unknown error: web view not found
                  (Session info: chrome=111.0.5563.64)</message>
                <stack-trace>no such window: no such window: target window already closed
                from unknown error: web view not found
                  (Session info: chrome=111.0.5563.64)
                    at processTicksAndRejections (node:internal/process/task_queues:95:5)
                    at seoEditor.doRefresh (/home/fahad.miraj/Desktop/WebDriverIO_FrameWork/test/basepage/page.js:73:9)
                    at seoEditor.doCreateSeoPageWithoutTitle (/home/fahad.miraj/Desktop/WebDriverIO_FrameWork/test/pageobjects/seo.editor.js:127:9)
                    at Context.&lt;anonymous> (/home/fahad.miraj/Desktop/WebDriverIO_FrameWork/test/specs/seo.editor.spec.js:41:9)</stack-trace>
            </failure>
        </test-case>
        <test-case start='1680644967041' status='broken' stop='1680644967057'>
            <name>verify SEO-Editor_Page should not be created when there is no Description entered </name>
            <title>verify SEO-Editor_Page should not be created when there is no Description entered </title>
            <labels>
                <label name='language' value='javascript'/>
                <label name='framework' value='wdio'/>
                <label name='thread' value='0-0'/>
            </labels>
            <parameters>
                <parameter kind='argument' name='browser' value='chrome-111.0.5563.64'/>
            </parameters>
            <steps>
                <step start='1680644967041' status='broken' stop='1680644967057'>
                    <name>POST /session/:sessionId/refresh</name>
                    <title>POST /session/:sessionId/refresh</title>
                    <attachments/>
                    <steps>
                        <step start='1680644967049' status='broken' stop='1680644967057'>
                            <name>GET /session/:sessionId/screenshot</name>
                            <title>GET /session/:sessionId/screenshot</title>
                            <attachments/>
                            <steps/>
                        </step>
                    </steps>
                </step>
            </steps>
            <attachments/>
            <failure>
                <message>no such window: target window already closed
                from unknown error: web view not found
                  (Session info: chrome=111.0.5563.64)</message>
                <stack-trace>no such window: no such window: target window already closed
                from unknown error: web view not found
                  (Session info: chrome=111.0.5563.64)
                    at processTicksAndRejections (node:internal/process/task_queues:95:5)
                    at seoEditor.doRefresh (/home/fahad.miraj/Desktop/WebDriverIO_FrameWork/test/basepage/page.js:73:9)
                    at seoEditor.doCreateSeoPageWithoutDesc (/home/fahad.miraj/Desktop/WebDriverIO_FrameWork/test/pageobjects/seo.editor.js:148:9)
                    at Context.&lt;anonymous> (/home/fahad.miraj/Desktop/WebDriverIO_FrameWork/test/specs/seo.editor.spec.js:46:9)</stack-trace>
            </failure>
        </test-case>
        <test-case start='1680644967057' status='broken' stop='1680644967080'>
            <name>verify SEO-Editor_Page should be created when there is no Text Box filled </name>
            <title>verify SEO-Editor_Page should be created when there is no Text Box filled </title>
            <labels>
                <label name='language' value='javascript'/>
                <label name='framework' value='wdio'/>
                <label name='thread' value='0-0'/>
            </labels>
            <parameters>
                <parameter kind='argument' name='browser' value='chrome-111.0.5563.64'/>
            </parameters>
            <steps>
                <step start='1680644967058' status='broken' stop='1680644967080'>
                    <name>POST /session/:sessionId/refresh</name>
                    <title>POST /session/:sessionId/refresh</title>
                    <attachments/>
                    <steps>
                        <step start='1680644967067' status='broken' stop='1680644967080'>
                            <name>GET /session/:sessionId/screenshot</name>
                            <title>GET /session/:sessionId/screenshot</title>
                            <attachments/>
                            <steps/>
                        </step>
                    </steps>
                </step>
            </steps>
            <attachments/>
            <failure>
                <message>no such window: target window already closed
                from unknown error: web view not found
                  (Session info: chrome=111.0.5563.64)</message>
                <stack-trace>no such window: no such window: target window already closed
                from unknown error: web view not found
                  (Session info: chrome=111.0.5563.64)
                    at processTicksAndRejections (node:internal/process/task_queues:95:5)
                    at seoEditor.doRefresh (/home/fahad.miraj/Desktop/WebDriverIO_FrameWork/test/basepage/page.js:73:9)
                    at seoEditor.doCreateSeoPageWithoutBoxText (/home/fahad.miraj/Desktop/WebDriverIO_FrameWork/test/pageobjects/seo.editor.js:170:9)
                    at Context.&lt;anonymous> (/home/fahad.miraj/Desktop/WebDriverIO_FrameWork/test/specs/seo.editor.spec.js:51:9)</stack-trace>
            </failure>
        </test-case>
        <test-case start='1680644967080' status='broken' stop='1680644967122'>
            <name>verify SEO-Editor_Page should be created when user filled all the mandatory fields </name>
            <title>verify SEO-Editor_Page should be created when user filled all the mandatory fields </title>
            <labels>
                <label name='language' value='javascript'/>
                <label name='framework' value='wdio'/>
                <label name='thread' value='0-0'/>
            </labels>
            <parameters>
                <parameter kind='argument' name='browser' value='chrome-111.0.5563.64'/>
            </parameters>
            <steps>
                <step start='1680644967080' status='broken' stop='1680644967122'>
                    <name>POST /session/:sessionId/refresh</name>
                    <title>POST /session/:sessionId/refresh</title>
                    <attachments/>
                    <steps>
                        <step start='1680644967111' status='broken' stop='1680644967122'>
                            <name>GET /session/:sessionId/screenshot</name>
                            <title>GET /session/:sessionId/screenshot</title>
                            <attachments/>
                            <steps/>
                        </step>
                    </steps>
                </step>
            </steps>
            <attachments/>
            <failure>
                <message>no such window: target window already closed
                from unknown error: web view not found
                  (Session info: chrome=111.0.5563.64)</message>
                <stack-trace>no such window: no such window: target window already closed
                from unknown error: web view not found
                  (Session info: chrome=111.0.5563.64)
                    at processTicksAndRejections (node:internal/process/task_queues:95:5)
                    at seoEditor.doRefresh (/home/fahad.miraj/Desktop/WebDriverIO_FrameWork/test/basepage/page.js:73:9)
                    at seoEditor.doCreateSeoPage (/home/fahad.miraj/Desktop/WebDriverIO_FrameWork/test/pageobjects/seo.editor.js:191:9)
                    at Context.&lt;anonymous> (/home/fahad.miraj/Desktop/WebDriverIO_FrameWork/test/specs/seo.editor.spec.js:56:9)</stack-trace>
            </failure>
        </test-case>
    </test-cases>
</ns2:test-suite>